20:22:01.828 [main] INFO  testCases.RegistrationWithLogs - ********Starting Account Registration************
20:22:01.928 [main] INFO  testCases.RegistrationWithLogs - Clicked on MyAccount Link
20:22:02.277 [main] INFO  testCases.RegistrationWithLogs - Clicked on Register Link
20:22:02.277 [main] INFO  testCases.RegistrationWithLogs - Providing customer details
20:22:10.326 [main] INFO  testCases.RegistrationWithLogs - Validating expected message....
20:22:45.356 [main] INFO  testCases.RegistrationWithLogs - ********Starting Account Registration************
20:22:45.447 [main] INFO  testCases.RegistrationWithLogs - Clicked on MyAccount Link
20:22:45.770 [main] INFO  testCases.RegistrationWithLogs - Clicked on Register Link
20:22:45.770 [main] INFO  testCases.RegistrationWithLogs - Providing customer details
20:22:53.974 [main] INFO  testCases.RegistrationWithLogs - Validating expected message....
20:22:54.009 [main] INFO  testCases.RegistrationWithLogs - ****Finished Account Registration ******
20:26:40.904 [main] INFO  testCases.RegistrationWithLogs - ********Starting Account Registration************
20:26:40.989 [main] INFO  testCases.RegistrationWithLogs - Clicked on MyAccount Link
20:26:41.308 [main] INFO  testCases.RegistrationWithLogs - Clicked on Register Link
20:26:41.308 [main] INFO  testCases.RegistrationWithLogs - Providing customer details
20:26:49.494 [main] INFO  testCases.RegistrationWithLogs - Validating expected message....
20:34:07.611 [main] INFO  testCases.RegistrationWithLogs - ********Starting Account Registration************
20:34:07.716 [main] INFO  testCases.RegistrationWithLogs - Clicked on MyAccount Link
20:34:08.050 [main] INFO  testCases.RegistrationWithLogs - Clicked on Register Link
20:34:08.050 [main] INFO  testCases.RegistrationWithLogs - Providing customer details
20:34:16.124 [main] INFO  testCases.RegistrationWithLogs - Validating expected message....
20:43:43.393 [main] INFO  testCases.RegistrationWithLogs - ********Starting Account Registration************
20:43:43.508 [main] INFO  testCases.RegistrationWithLogs - Clicked on MyAccount Link
20:43:43.833 [main] INFO  testCases.RegistrationWithLogs - Clicked on Register Link
20:43:43.833 [main] INFO  testCases.RegistrationWithLogs - Providing customer details
20:43:51.580 [main] INFO  testCases.RegistrationWithLogs - Validating expected message....
20:43:51.603 [main] ERROR testCases.RegistrationWithLogs - Test failed.....
20:43:51.603 [main] DEBUG testCases.RegistrationWithLogs - Debug logs...
12:28:29.440 [main] INFO  testCases.RegistrationParamAndConfig - Validating expected message....
12:28:29.476 [main] ERROR testCases.RegistrationParamAndConfig - Test failed.....
12:28:29.476 [main] DEBUG testCases.RegistrationParamAndConfig - Debug logs...
14:16:50.479 [main] INFO  testCases.RegistrationWithLogs - ********Starting Account Registration************
14:16:50.575 [main] INFO  testCases.RegistrationWithLogs - Clicked on MyAccount Link
14:16:50.933 [main] INFO  testCases.RegistrationWithLogs - Clicked on Register Link
14:16:50.934 [main] INFO  testCases.RegistrationWithLogs - Providing customer details
14:16:58.969 [main] INFO  testCases.RegistrationWithLogs - Validating expected message....
14:16:59.009 [main] ERROR testCases.RegistrationWithLogs - Test failed.....
14:16:59.010 [main] DEBUG testCases.RegistrationWithLogs - Debug logs...
14:25:54.832 [main] INFO  testCases.RegistrationParamAndConfig - Validating expected message....
14:55:56.141 [main] INFO  testCases.RegistrationParamAndConfig - Validating expected message....
14:55:56.179 [main] ERROR testCases.RegistrationParamAndConfig - Test failed.....
14:55:56.179 [main] DEBUG testCases.RegistrationParamAndConfig - Debug logs...
14:57:30.946 [main] INFO  testCases.RegistrationParamAndConfig - Validating expected message....
14:57:30.974 [main] ERROR testCases.RegistrationParamAndConfig - Test failed.....
14:57:30.975 [main] DEBUG testCases.RegistrationParamAndConfig - Debug logs...
16:06:40.925 [main] INFO  testCases.RegistrationParamAndConfig - Validating expected message....
16:06:40.957 [main] ERROR testCases.RegistrationParamAndConfig - Test failed.....
16:06:40.957 [main] DEBUG testCases.RegistrationParamAndConfig - Debug logs...
16:07:41.115 [main] INFO  testCases.RegistrationParamAndConfig - Validating expected message....
16:07:41.146 [main] ERROR testCases.RegistrationParamAndConfig - Test failed.....
16:07:41.147 [main] DEBUG testCases.RegistrationParamAndConfig - Debug logs...
16:13:06.179 [main] INFO  testCases.RegistrationParamAndConfig - Validating expected message....
16:13:06.202 [main] ERROR testCases.RegistrationParamAndConfig - Test failed.....
16:13:06.202 [main] DEBUG testCases.RegistrationParamAndConfig - Debug logs...
16:45:13.372 [main] INFO  testCases.TC002_LoginTest - *****Starting TC002_LoginTest**********
16:48:59.335 [main] INFO  testCases.TC002_LoginTest - *****Starting TC002_LoginTest**********
